app/build/outputs/logs/manifest-merger-release-report.txt
-- Merging decision tree log ---
manifest
ADDED from src/main/AndroidManifest.xml:2:1-177:12
	package
		ADDED from src/main/AndroidManifest.xml:3:5-50
		INJECTED from src/main/AndroidManifest.xml
		INJECTED from src/main/AndroidManifest.xml
	android:screenOrientation
		ADDED from src/main/AndroidManifest.xml:4:5-41
	android:versionName
		ADDED from src/main/AndroidManifest.xml:6:5-33
		INJECTED from src/main/AndroidManifest.xml
		INJECTED from src/main/AndroidManifest.xml
	android:versionCode
		ADDED from src/main/AndroidManifest.xml:5:5-30
		INJECTED from src/main/AndroidManifest.xml
		INJECTED from src/main/AndroidManifest.xml
	xmlns:android
		ADDED from src/main/AndroidManifest.xml:2:11-69
uses-permission#android.permission.WRITE_EXTERNAL_STORAGE
ADDED from src/main/AndroidManifest.xml:9:5-81
	android:name
		ADDED from src/main/AndroidManifest.xml:9:22-78
uses-permission#android.permission.INTERNET
ADDED from src/main/AndroidManifest.xml:10:5-67
	android:name
		ADDED from src/main/AndroidManifest.xml:10:22-64
uses-permission#android.permission.ACCESS_NETWORK_STATE
ADDED from src/main/AndroidManifest.xml:11:5-79
	android:name
		ADDED from src/main/AndroidManifest.xml:11:22-76
uses-permission#android.permission.RECEIVE_BOOT_COMPLETED
ADDED from src/main/AndroidManifest.xml:12:5-81
	android:name
		ADDED from src/main/AndroidManifest.xml:12:22-78
uses-permission#android.permission.ACCESS_WIFI_STATE
ADDED from src/main/AndroidManifest.xml:13:5-76
	android:name
		ADDED from src/main/AndroidManifest.xml:13:22-73
uses-permission#android.permission.READ_PHONE_STATE
ADDED from src/main/AndroidManifest.xml:14:5-75
	android:name
		ADDED from src/main/AndroidManifest.xml:14:22-72
uses-permission#android.permission.READ_CALENDAR
ADDED from src/main/AndroidManifest.xml:15:5-72
	android:name
		ADDED from src/main/AndroidManifest.xml:15:22-69
uses-permission#android.permission.WRITE_CALENDAR
ADDED from src/main/AndroidManifest.xml:16:5-73
	android:name
		ADDED from src/main/AndroidManifest.xml:16:22-70
uses-permission#android.permission.WAKE_LOCK
ADDED from src/main/AndroidManifest.xml:17:5-68
	android:name
		ADDED from src/main/AndroidManifest.xml:17:22-65
uses-permission#android.permission.VIBRATE
ADDED from src/main/AndroidManifest.xml:18:5-66
	android:name
		ADDED from src/main/AndroidManifest.xml:18:22-63
uses-permission#android.permission.READ_EXTERNAL_STORAGE
ADDED from src/main/AndroidManifest.xml:19:5-80
	android:name
		ADDED from src/main/AndroidManifest.xml:19:22-77
application
ADDED from src/main/AndroidManifest.xml:21:5-175:19
MERGED from [com.android.support:design:25.0.1] AndroidManifest.xml:25:5-20
MERGED from [com.android.support:transition:25.0.1] AndroidManifest.xml:22:5-20
MERGED from [com.github.fcannizzaro:material-stepper:1.2.2] AndroidManifest.xml:11:5-14:19
MERGED from [com.android.support:appcompat-v7:25.0.1] AndroidManifest.xml:25:5-20
MERGED from [com.android.support:animated-vector-drawable:25.0.1] AndroidManifest.xml:22:5-20
MERGED from [com.android.support:support-vector-drawable:25.0.1] AndroidManifest.xml:23:5-20
MERGED from [com.android.support:support-v4:25.0.1] AndroidManifest.xml:25:5-20
MERGED from [com.android.support:support-fragment:25.0.1] AndroidManifest.xml:25:5-20
MERGED from [com.android.support:support-media-compat:25.0.1] AndroidManifest.xml:25:5-20
MERGED from [com.android.support:support-core-utils:25.0.1] AndroidManifest.xml:25:5-20
MERGED from [com.android.support:support-core-ui:25.0.1] AndroidManifest.xml:25:5-20
MERGED from [com.android.support:support-compat:25.0.1] AndroidManifest.xml:25:5-20
MERGED from [com.android.support:cardview-v7:25.0.0] AndroidManifest.xml:22:5-20
MERGED from [com.amulyakhare:com.amulyakhare.textdrawable:1.0.1] AndroidManifest.xml:12:5-20
	android:label
		ADDED from src/main/AndroidManifest.xml:25:9-41
	android:allowBackup
		ADDED from src/main/AndroidManifest.xml:23:9-35
	android:icon
		ADDED from src/main/AndroidManifest.xml:24:9-43
	android:theme
		ADDED from src/main/AndroidManifest.xml:26:9-41
	android:name
		ADDED from src/main/AndroidManifest.xml:22:9-74
activity#org.digitalcampus.oppia.activity.StartUpActivity
ADDED from src/main/AndroidManifest.xml:27:9-44:20
	android:screenOrientation
		ADDED from src/main/AndroidManifest.xml:31:13-49
	android:label
		ADDED from src/main/AndroidManifest.xml:30:13-45
	android:configChanges
		ADDED from src/main/AndroidManifest.xml:29:13-63
	android:name
		ADDED from src/main/AndroidManifest.xml:28:13-76
intent-filter#android.intent.action.MAIN+android.intent.category.LAUNCHER
ADDED from src/main/AndroidManifest.xml:34:13-38:29
action#android.intent.action.MAIN
ADDED from src/main/AndroidManifest.xml:35:17-69
	android:name
		ADDED from src/main/AndroidManifest.xml:35:25-66
category#android.intent.category.LAUNCHER
ADDED from src/main/AndroidManifest.xml:37:17-77
	android:name
		ADDED from src/main/AndroidManifest.xml:37:27-74
meta-data#android.app.default_searchable
ADDED from src/main/AndroidManifest.xml:41:13-43:89
	android:value
		ADDED from src/main/AndroidManifest.xml:43:17-86
	android:name
		ADDED from src/main/AndroidManifest.xml:42:17-62
activity#org.cbccessence.cch.activity.StayingWellActivity
ADDED from src/main/AndroidManifest.xml:45:9-49:51
	android:screenOrientation
		ADDED from src/main/AndroidManifest.xml:49:13-49
	android:label
		ADDED from src/main/AndroidManifest.xml:48:13-45
	android:configChanges
		ADDED from src/main/AndroidManifest.xml:47:13-63
	android:name
		ADDED from src/main/AndroidManifest.xml:46:13-76
activity#org.cbccessence.cch.activity.MagicAppRestart
ADDED from src/main/AndroidManifest.xml:50:9-81
	android:name
		ADDED from src/main/AndroidManifest.xml:50:19-78
activity#org.digitalcampus.oppia.activity.OppiaMobileActivity
ADDED from src/main/AndroidManifest.xml:51:9-53:47
	android:label
		ADDED from src/main/AndroidManifest.xml:53:13-45
	android:name
		ADDED from src/main/AndroidManifest.xml:52:13-80
activity#org.digitalcampus.oppia.activity.CourseIndexActivity
ADDED from src/main/AndroidManifest.xml:54:9-56:66
	android:label
		ADDED from src/main/AndroidManifest.xml:56:13-64
	android:name
		ADDED from src/main/AndroidManifest.xml:55:13-80
activity#org.digitalcampus.oppia.activity.CourseActivity
ADDED from src/main/AndroidManifest.xml:57:9-60:62
	android:label
		ADDED from src/main/AndroidManifest.xml:59:13-58
	android:windowSoftInputMode
		ADDED from src/main/AndroidManifest.xml:60:13-60
	android:name
		ADDED from src/main/AndroidManifest.xml:58:13-75
activity#org.digitalcampus.oppia.activity.DownloadActivity
ADDED from src/main/AndroidManifest.xml:61:9-65:51
	android:screenOrientation
		ADDED from src/main/AndroidManifest.xml:65:13-49
	android:label
		ADDED from src/main/AndroidManifest.xml:64:13-60
	android:configChanges
		ADDED from src/main/AndroidManifest.xml:63:13-85
	android:name
		ADDED from src/main/AndroidManifest.xml:62:13-77
activity#org.digitalcampus.oppia.activity.TagSelectActivity
ADDED from src/main/AndroidManifest.xml:66:9-70:51
	android:screenOrientation
		ADDED from src/main/AndroidManifest.xml:70:13-49
	android:label
		ADDED from src/main/AndroidManifest.xml:69:13-62
	android:configChanges
		ADDED from src/main/AndroidManifest.xml:68:13-63
	android:name
		ADDED from src/main/AndroidManifest.xml:67:13-78
activity#org.digitalcampus.oppia.activity.PrefsActivity
ADDED from src/main/AndroidManifest.xml:71:9-73:51
	android:label
		ADDED from src/main/AndroidManifest.xml:73:13-48
	android:name
		ADDED from src/main/AndroidManifest.xml:72:13-74
activity#org.digitalcampus.oppia.activity.AboutActivity
ADDED from src/main/AndroidManifest.xml:74:9-76:51
	android:label
		ADDED from src/main/AndroidManifest.xml:76:13-48
	android:name
		ADDED from src/main/AndroidManifest.xml:75:13-74
activity#org.digitalcampus.oppia.activity.LoginActivity
ADDED from src/main/AndroidManifest.xml:77:9-81:15
	android:label
		ADDED from src/main/AndroidManifest.xml:79:13-48
	android:theme
		ADDED from src/main/AndroidManifest.xml:80:13-44
	android:name
		ADDED from src/main/AndroidManifest.xml:78:13-74
activity#org.digitalcampus.oppia.activity.HelpActivity
ADDED from src/main/AndroidManifest.xml:83:9-85:50
	android:label
		ADDED from src/main/AndroidManifest.xml:85:13-47
	android:name
		ADDED from src/main/AndroidManifest.xml:84:13-73
activity#org.digitalcampus.oppia.activity.MonitorActivity
ADDED from src/main/AndroidManifest.xml:86:9-89:53
	android:label
		ADDED from src/main/AndroidManifest.xml:89:13-50
	android:configChanges
		ADDED from src/main/AndroidManifest.xml:88:13-85
	android:name
		ADDED from src/main/AndroidManifest.xml:87:13-76
activity#org.digitalcampus.oppia.activity.RegisterActivity
ADDED from src/main/AndroidManifest.xml:90:9-92:54
	android:label
		ADDED from src/main/AndroidManifest.xml:92:13-51
	android:name
		ADDED from src/main/AndroidManifest.xml:91:13-77
activity#org.digitalcampus.oppia.activity.CourseMetaPageActivity
ADDED from src/main/AndroidManifest.xml:93:9-95:57
	android:label
		ADDED from src/main/AndroidManifest.xml:95:13-54
	android:name
		ADDED from src/main/AndroidManifest.xml:94:13-83
activity#org.digitalcampus.oppia.activity.DownloadMediaActivity
ADDED from src/main/AndroidManifest.xml:96:9-100:52
	android:screenOrientation
		ADDED from src/main/AndroidManifest.xml:100:13-49
	android:label
		ADDED from src/main/AndroidManifest.xml:99:13-57
	android:configChanges
		ADDED from src/main/AndroidManifest.xml:98:13-85
	android:name
		ADDED from src/main/AndroidManifest.xml:97:13-82
activity#org.digitalcampus.oppia.activity.ScoreActivity
ADDED from src/main/AndroidManifest.xml:101:9-103:52
	android:label
		ADDED from src/main/AndroidManifest.xml:103:13-49
	android:name
		ADDED from src/main/AndroidManifest.xml:102:13-74
activity#org.digitalcampus.oppia.activity.AppActivity
ADDED from src/main/AndroidManifest.xml:104:9-106:48
	android:label
		ADDED from src/main/AndroidManifest.xml:106:13-45
	android:name
		ADDED from src/main/AndroidManifest.xml:105:13-72
activity#org.digitalcampus.oppia.activity.MainScreenActivity
ADDED from src/main/AndroidManifest.xml:107:9-88
	android:name
		ADDED from src/main/AndroidManifest.xml:107:19-85
service#org.digitalcampus.oppia.service.TrackerService
ADDED from src/main/AndroidManifest.xml:109:9-112:54
	android:label
		ADDED from src/main/AndroidManifest.xml:112:13-52
	android:icon
		ADDED from src/main/AndroidManifest.xml:111:13-46
	android:name
		ADDED from src/main/AndroidManifest.xml:110:13-74
receiver#org.digitalcampus.oppia.service.TrackerScheduleReceiver
ADDED from src/main/AndroidManifest.xml:114:9-118:20
	android:name
		ADDED from src/main/AndroidManifest.xml:114:19-89
intent-filter#android.intent.action.BOOT_COMPLETED
ADDED from src/main/AndroidManifest.xml:115:13-117:29
action#android.intent.action.BOOT_COMPLETED
ADDED from src/main/AndroidManifest.xml:116:17-79
	android:name
		ADDED from src/main/AndroidManifest.xml:116:25-76
receiver#org.digitalcampus.oppia.service.TrackerStartServiceReceiver
ADDED from src/main/AndroidManifest.xml:119:9-95
	android:name
		ADDED from src/main/AndroidManifest.xml:119:19-93
receiver#org.cbccessence.cch.receiver.CalendarChangeReceiver
ADDED from src/main/AndroidManifest.xml:120:9-129:20
	android:priority
		ADDED from src/main/AndroidManifest.xml:122:13-36
	android:name
		ADDED from src/main/AndroidManifest.xml:121:13-79
intent-filter#android.intent.action.PROVIDER_CHANGED
ADDED from src/main/AndroidManifest.xml:123:13-128:29
action#android.intent.action.PROVIDER_CHANGED
ADDED from src/main/AndroidManifest.xml:124:17-81
	android:name
		ADDED from src/main/AndroidManifest.xml:124:25-78
data
ADDED from src/main/AndroidManifest.xml:126:17-50
	android:scheme
		ADDED from src/main/AndroidManifest.xml:126:23-47
activity#org.cbccessence.poc.PointOfCareActivity
ADDED from src/main/AndroidManifest.xml:131:9-76
	android:name
		ADDED from src/main/AndroidManifest.xml:131:19-73
activity#org.cbccessence.poc.PocSubSectionActivity
ADDED from src/main/AndroidManifest.xml:132:9-78
	android:name
		ADDED from src/main/AndroidManifest.xml:132:19-75
activity#org.cbccessence.poc.PocTopicsActivity
ADDED from src/main/AndroidManifest.xml:133:9-74
	android:name
		ADDED from src/main/AndroidManifest.xml:133:19-71
activity#org.cbccessence.poc.AntenatalCareActivity
ADDED from src/main/AndroidManifest.xml:134:9-78
	android:name
		ADDED from src/main/AndroidManifest.xml:134:19-75
activity#org.cbccessence.poc.DiagnosticToolActivity
ADDED from src/main/AndroidManifest.xml:135:9-79
	android:name
		ADDED from src/main/AndroidManifest.xml:135:19-76
activity#org.cbccessence.cch.activity.AchievementCenterActivity
ADDED from src/main/AndroidManifest.xml:136:9-91
	android:name
		ADDED from src/main/AndroidManifest.xml:136:19-88
activity#org.cbccessence.poc.EstimateTrimester
ADDED from src/main/AndroidManifest.xml:137:9-74
	android:name
		ADDED from src/main/AndroidManifest.xml:137:19-71
activity#org.cbccessence.poc.PostnatalCareActivity
ADDED from src/main/AndroidManifest.xml:138:9-78
	android:name
		ADDED from src/main/AndroidManifest.xml:138:19-75
activity#org.cbccessence.poc.PostnatalCareSectionActivity
ADDED from src/main/AndroidManifest.xml:139:9-85
	android:name
		ADDED from src/main/AndroidManifest.xml:139:19-82
activity#org.cbccessence.poc.PostnatalCareMotherDiagnosticToolActivity
ADDED from src/main/AndroidManifest.xml:140:9-98
	android:name
		ADDED from src/main/AndroidManifest.xml:140:19-95
activity#org.cbccessence.poc.CounsellingPerTrimesterActivtiy
ADDED from src/main/AndroidManifest.xml:141:9-88
	android:name
		ADDED from src/main/AndroidManifest.xml:141:19-85
activity#org.cbccessence.poc.CalculatorsMenuActivity
ADDED from src/main/AndroidManifest.xml:142:9-80
	android:name
		ADDED from src/main/AndroidManifest.xml:142:19-77
activity#org.cbccessence.poc.ReferencesMenuActivity
ADDED from src/main/AndroidManifest.xml:143:9-79
	android:name
		ADDED from src/main/AndroidManifest.xml:143:19-76
activity#org.cbccessence.poc.PostnatalCareCounsellingTopicsActivity
ADDED from src/main/AndroidManifest.xml:144:9-95
	android:name
		ADDED from src/main/AndroidManifest.xml:144:19-92
activity#org.cbccessence.poc.TreatingDiarrhoeaActivity
ADDED from src/main/AndroidManifest.xml:145:9-82
	android:name
		ADDED from src/main/AndroidManifest.xml:145:19-79
activity#org.cbccessence.poc.QuickReadsMenuActivity
ADDED from src/main/AndroidManifest.xml:146:9-79
	android:name
		ADDED from src/main/AndroidManifest.xml:146:19-76
activity#org.cbccessence.poc.DosageCalculatorActivity
ADDED from src/main/AndroidManifest.xml:147:9-81
	android:name
		ADDED from src/main/AndroidManifest.xml:147:19-78
activity#org.cbccessence.poc.EstimateDueDateCalculator
ADDED from src/main/AndroidManifest.xml:148:9-82
	android:name
		ADDED from src/main/AndroidManifest.xml:148:19-79
activity#org.cbccessence.poc.ANCCounsellingTopicsMenuActivity
ADDED from src/main/AndroidManifest.xml:149:9-89
	android:name
		ADDED from src/main/AndroidManifest.xml:149:19-86
activity#org.cbccessence.cch.activity.AchievementSummaryActivity
ADDED from src/main/AndroidManifest.xml:150:9-92
	android:name
		ADDED from src/main/AndroidManifest.xml:150:19-89
activity#org.cbccessence.cch.activity.CourseDetailActivity
ADDED from src/main/AndroidManifest.xml:151:9-86
	android:name
		ADDED from src/main/AndroidManifest.xml:151:19-83
activity#org.cbccessence.cch.activity.CourseAchievementActivity
ADDED from src/main/AndroidManifest.xml:152:9-91
	android:name
		ADDED from src/main/AndroidManifest.xml:152:19-88
activity#org.cbccessence.cch.activity.LearningCenterMenuActivity
ADDED from src/main/AndroidManifest.xml:153:9-92
	android:name
		ADDED from src/main/AndroidManifest.xml:153:19-89
activity#org.cbccessence.cch.activity.ReferencesDownloadActivity
ADDED from src/main/AndroidManifest.xml:154:9-92
	android:name
		ADDED from src/main/AndroidManifest.xml:154:19-89
activity#org.cbccessence.cch.popupquestions.XmlGui
ADDED from src/main/AndroidManifest.xml:155:9-78
	android:name
		ADDED from src/main/AndroidManifest.xml:155:19-75
activity#org.cbccessence.cch.activity.CourseGroupActivity
ADDED from src/main/AndroidManifest.xml:156:9-85
	android:name
		ADDED from src/main/AndroidManifest.xml:156:19-82
service#org.cbccessence.schedulers.UserDetailsUpdateService
ADDED from src/main/AndroidManifest.xml:158:9-87
	android:name
		ADDED from src/main/AndroidManifest.xml:158:18-84
activity#org.cbccessence.poc.ChildWelfareActivity
ADDED from src/main/AndroidManifest.xml:160:9-77
	android:name
		ADDED from src/main/AndroidManifest.xml:160:19-74
activity#org.cbccessence.poc.ChildAgeCalculatorActivity
ADDED from src/main/AndroidManifest.xml:161:9-83
	android:name
		ADDED from src/main/AndroidManifest.xml:161:19-80
activity#org.cbccessence.poc.ChildWelfareCalculatorsMenuActivity
ADDED from src/main/AndroidManifest.xml:162:9-92
	android:name
		ADDED from src/main/AndroidManifest.xml:162:19-89
activity#org.cbccessence.poc.FamilyPlanningCalculatorActivity
ADDED from src/main/AndroidManifest.xml:163:9-89
	android:name
		ADDED from src/main/AndroidManifest.xml:163:19-86
activity#org.cbccessence.poc.POCDynamicActivity
ADDED from src/main/AndroidManifest.xml:164:9-75
	android:name
		ADDED from src/main/AndroidManifest.xml:164:19-72
activity#org.cbccessence.poc.CWCDiagnosticToolActivity
ADDED from src/main/AndroidManifest.xml:165:9-82
	android:name
		ADDED from src/main/AndroidManifest.xml:165:19-79
activity#org.cbccessence.poc.CWCCounsellingActivity
ADDED from src/main/AndroidManifest.xml:166:9-79
	android:name
		ADDED from src/main/AndroidManifest.xml:166:19-76
activity#org.cbccessence.poc.CWCReferencesActivity
ADDED from src/main/AndroidManifest.xml:167:9-78
	android:name
		ADDED from src/main/AndroidManifest.xml:167:19-75
activity#org.cbccessence.cch.activity.VisualAidsPdfView
ADDED from src/main/AndroidManifest.xml:168:9-83
	android:name
		ADDED from src/main/AndroidManifest.xml:168:19-80
activity#org.cbccessence.cch.activity.ClientActivity
ADDED from src/main/AndroidManifest.xml:169:9-174:20
	android:label
		ADDED from src/main/AndroidManifest.xml:171:13-69
	android:name
		ADDED from src/main/AndroidManifest.xml:170:13-71
uses-sdk
INJECTED from src/main/AndroidManifest.xml reason: use-sdk injection requested
MERGED from [com.android.support:design:25.0.1] AndroidManifest.xml:21:5-23:62
MERGED from [com.android.support:transition:25.0.1] AndroidManifest.xml:20:5-44
MERGED from [com.github.fcannizzaro:material-stepper:1.2.2] AndroidManifest.xml:7:5-9:41
MERGED from [com.android.support:appcompat-v7:25.0.1] AndroidManifest.xml:21:5-23:78
MERGED from [com.android.support:animated-vector-drawable:25.0.1] AndroidManifest.xml:20:5-44
MERGED from [com.android.support:support-vector-drawable:25.0.1] AndroidManifest.xml:21:5-43
MERGED from [com.github.barteksc:android-pdf-viewer:2.4.0] AndroidManifest.xml:7:5-9:41
MERGED from [com.github.barteksc:pdfium-android:1.5.0] AndroidManifest.xml:7:5-9:41
MERGED from [com.android.support:support-v4:25.0.1] AndroidManifest.xml:21:5-23:54
MERGED from [com.android.support:support-fragment:25.0.1] AndroidManifest.xml:21:5-23:60
MERGED from [com.android.support:support-media-compat:25.0.1] AndroidManifest.xml:21:5-23:63
MERGED from [com.android.support:support-core-utils:25.0.1] AndroidManifest.xml:21:5-23:61
MERGED from [com.android.support:recyclerview-v7:25.0.1] AndroidManifest.xml:20:5-43
MERGED from [com.android.support:support-core-ui:25.0.1] AndroidManifest.xml:21:5-23:58
MERGED from [com.android.support:support-compat:25.0.1] AndroidManifest.xml:21:5-23:58
MERGED from [com.android.support:cardview-v7:25.0.0] AndroidManifest.xml:20:5-43
MERGED from [com.amulyakhare:com.amulyakhare.textdrawable:1.0.1] AndroidManifest.xml:8:5-10:41
	tools:overrideLibrary
		ADDED from [com.android.support:design:25.0.1] AndroidManifest.xml:23:9-59
	android:targetSdkVersion
		INJECTED from src/main/AndroidManifest.xml
		INJECTED from src/main/AndroidManifest.xml
	android:minSdkVersion
		INJECTED from src/main/AndroidManifest.xml
		INJECTED from src/main/AndroidManifest.xml